<?xml version="1.0" encoding="UTF-8"?>
<!-- Generated by org.testng.reporters.JUnitReportReporter -->
<testsuite skipped="0" hostname="LAPTOP-M6F29H3O" name="Academy.HomePage" tests="2" failures="0" timestamp="04 May 2020 09:36:05 GMT" time="42.103" errors="0">
  <testcase name="basePageNavigation" time="12.370" classname="Academy.HomePage"/>
  <testcase name="basePageNavigation" time="29.733" classname="Academy.HomePage"/>
</testsuite> <!-- Academy.HomePage -->
