<?xml version="1.0" encoding="UTF-8"?>
<!-- Generated by org.testng.reporters.JUnitReportReporter -->
<testsuite skipped="0" hostname="LAPTOP-M6F29H3O" name="Academy.validateNavigationBar" tests="1" failures="0" timestamp="04 May 2020 09:36:05 GMT" time="0.168" errors="0">
  <testcase name="validateAppNavBar" time="0.168" classname="Academy.validateNavigationBar"/>
</testsuite> <!-- Academy.validateNavigationBar -->
